Flow report for project
Tue Jul 21 23:55:02 2020
Quartus II 64-Bit Version 13.0.1 Build 232 06/12/2013 Service Pack 1 SJ Web Edition


---------------------
; Table of Contents ;
---------------------
  1. Legal Notice
  2. Flow Summary
  3. Flow Settings
  4. Flow Non-Default Global Settings
  5. Flow Elapsed Time
  6. Flow OS Summary
  7. Flow Log
  8. Flow Messages
  9. Flow Suppressed Messages



----------------
; Legal Notice ;
----------------
Copyright (C) 1991-2013 Altera Corporation
Your use of Altera Corporation's design tools, logic functions 
and other software and tools, and its AMPP partner logic 
functions, and any output files from any of the foregoing 
(including device programming or simulation files), and any 
associated documentation or information are expressly subject 
to the terms and conditions of the Altera Program License 
Subscription Agreement, Altera MegaCore Function License 
Agreement, or other applicable license agreement, including, 
without limitation, that your use is for the sole purpose of 
programming logic devices manufactured by Altera and sold by 
Altera or its authorized distributors.  Please refer to the 
applicable agreement for further details.



+--------------------------------------------------------------------------------------+
; Flow Summary                                                                         ;
+------------------------------------+-------------------------------------------------+
; Flow Status                        ; Successful - Tue Jul 21 23:55:01 2020           ;
; Quartus II 64-Bit Version          ; 13.0.1 Build 232 06/12/2013 SP 1 SJ Web Edition ;
; Revision Name                      ; project                                         ;
; Top-level Entity Name              ; cpu                                             ;
; Family                             ; Cyclone II                                      ;
; Total logic elements               ; 2,576 / 33,216 ( 8 % )                          ;
;     Total combinational functions  ; 2,221 / 33,216 ( 7 % )                          ;
;     Dedicated logic registers      ; 1,058 / 33,216 ( 3 % )                          ;
; Total registers                    ; 1058                                            ;
; Total pins                         ; 383 / 475 ( 81 % )                              ;
; Total virtual pins                 ; 0                                               ;
; Total memory bits                  ; 5,120 / 483,840 ( 1 % )                         ;
; Embedded Multiplier 9-bit elements ; 0 / 70 ( 0 % )                                  ;
; Total PLLs                         ; 0 / 4 ( 0 % )                                   ;
; Device                             ; EP2C35F672C6                                    ;
; Timing Models                      ; Final                                           ;
+------------------------------------+-------------------------------------------------+


+-----------------------------------------+
; Flow Settings                           ;
+-------------------+---------------------+
; Option            ; Setting             ;
+-------------------+---------------------+
; Start date & time ; 07/21/2020 23:52:41 ;
; Main task         ; Compilation         ;
; Revision Name     ; project             ;
+-------------------+---------------------+


+-----------------------------------------------------------------------------------------------------------------------------------------------------------+
; Flow Non-Default Global Settings                                                                                                                          ;
+-------------------------------------+----------------------------------------------------------------------+---------------+-------------+----------------+
; Assignment Name                     ; Value                                                                ; Default Value ; Entity Name ; Section Id     ;
+-------------------------------------+----------------------------------------------------------------------+---------------+-------------+----------------+
; COMPILER_SIGNATURE_ID               ; 75064541466451.159535936014076                                       ; --            ; --          ; --             ;
; EDA_GENERATE_FUNCTIONAL_NETLIST     ; On                                                                   ; --            ; --          ; eda_simulation ;
; EDA_OUTPUT_DATA_FORMAT              ; Verilog Hdl                                                          ; --            ; --          ; eda_simulation ;
; EDA_SIMULATION_TOOL                 ; ModelSim-Altera (Verilog)                                            ; <None>        ; --          ; --             ;
; IP_TOOL_NAME                        ; LPM_MUX                                                              ; --            ; --          ; --             ;
; IP_TOOL_NAME                        ; LPM_CONSTANT                                                         ; --            ; --          ; --             ;
; IP_TOOL_NAME                        ; LPM_MUX                                                              ; --            ; --          ; --             ;
; IP_TOOL_NAME                        ; LPM_ADD_SUB                                                          ; --            ; --          ; --             ;
; IP_TOOL_NAME                        ; LPM_COMPARE                                                          ; --            ; --          ; --             ;
; IP_TOOL_NAME                        ; ROM: 1-PORT                                                          ; --            ; --          ; --             ;
; IP_TOOL_NAME                        ; LPM_CONSTANT                                                         ; --            ; --          ; --             ;
; IP_TOOL_NAME                        ; LPM_MUX                                                              ; --            ; --          ; --             ;
; IP_TOOL_NAME                        ; LPM_MUX                                                              ; --            ; --          ; --             ;
; IP_TOOL_NAME                        ; LPM_CONSTANT                                                         ; --            ; --          ; --             ;
; IP_TOOL_VERSION                     ; 13.0                                                                 ; --            ; --          ; --             ;
; IP_TOOL_VERSION                     ; 13.0                                                                 ; --            ; --          ; --             ;
; IP_TOOL_VERSION                     ; 13.0                                                                 ; --            ; --          ; --             ;
; IP_TOOL_VERSION                     ; 13.0                                                                 ; --            ; --          ; --             ;
; IP_TOOL_VERSION                     ; 13.0                                                                 ; --            ; --          ; --             ;
; IP_TOOL_VERSION                     ; 13.0                                                                 ; --            ; --          ; --             ;
; IP_TOOL_VERSION                     ; 13.0                                                                 ; --            ; --          ; --             ;
; IP_TOOL_VERSION                     ; 13.0                                                                 ; --            ; --          ; --             ;
; IP_TOOL_VERSION                     ; 13.0                                                                 ; --            ; --          ; --             ;
; IP_TOOL_VERSION                     ; 13.0                                                                 ; --            ; --          ; --             ;
; MISC_FILE                           ; lpm_mux0.bsf                                                         ; --            ; --          ; --             ;
; MISC_FILE                           ; lpm_mux0_bb.v                                                        ; --            ; --          ; --             ;
; MISC_FILE                           ; lpm_constant0.bsf                                                    ; --            ; --          ; --             ;
; MISC_FILE                           ; lpm_constant0_bb.v                                                   ; --            ; --          ; --             ;
; MISC_FILE                           ; lpm_mux1.bsf                                                         ; --            ; --          ; --             ;
; MISC_FILE                           ; lpm_mux1_bb.v                                                        ; --            ; --          ; --             ;
; MISC_FILE                           ; lpm_add_sub0.bsf                                                     ; --            ; --          ; --             ;
; MISC_FILE                           ; lpm_add_sub0_bb.v                                                    ; --            ; --          ; --             ;
; MISC_FILE                           ; lpm_compare0.bsf                                                     ; --            ; --          ; --             ;
; MISC_FILE                           ; lpm_compare0_bb.v                                                    ; --            ; --          ; --             ;
; MISC_FILE                           ; rom.bsf                                                              ; --            ; --          ; --             ;
; MISC_FILE                           ; rom_bb.v                                                             ; --            ; --          ; --             ;
; MISC_FILE                           ; lpm_constant7.bsf                                                    ; --            ; --          ; --             ;
; MISC_FILE                           ; lpm_constant7_bb.v                                                   ; --            ; --          ; --             ;
; MISC_FILE                           ; lpm_mux2.bsf                                                         ; --            ; --          ; --             ;
; MISC_FILE                           ; lpm_mux2_bb.v                                                        ; --            ; --          ; --             ;
; MISC_FILE                           ; lpm_mux3.bsf                                                         ; --            ; --          ; --             ;
; MISC_FILE                           ; lpm_mux3_bb.v                                                        ; --            ; --          ; --             ;
; MISC_FILE                           ; lpm_constant8.bsf                                                    ; --            ; --          ; --             ;
; MISC_FILE                           ; lpm_constant8_bb.v                                                   ; --            ; --          ; --             ;
; PARTITION_COLOR                     ; 16764057                                                             ; --            ; cpu         ; Top            ;
; PARTITION_FITTER_PRESERVATION_LEVEL ; PLACEMENT_AND_ROUTING                                                ; --            ; cpu         ; Top            ;
; PARTITION_NETLIST_TYPE              ; SOURCE                                                               ; --            ; cpu         ; Top            ;
; PROJECT_OUTPUT_DIRECTORY            ; output_files                                                         ; --            ; --          ; --             ;
; SEARCH_PATH                         ; c:\users\asus\desktop\books\computer architecture\pc_regfile\pc      ; --            ; --          ; --             ;
; SEARCH_PATH                         ; c:\users\asus\desktop\books\computer architecture\pc_regfile\regfile ; --            ; --          ; --             ;
; TOP_LEVEL_ENTITY                    ; cpu                                                                  ; project       ; --          ; --             ;
+-------------------------------------+----------------------------------------------------------------------+---------------+-------------+----------------+


+-------------------------------------------------------------------------------------------------------------------------------+
; Flow Elapsed Time                                                                                                             ;
+---------------------------+--------------+-------------------------+---------------------+------------------------------------+
; Module Name               ; Elapsed Time ; Average Processors Used ; Peak Virtual Memory ; Total CPU Time (on all processors) ;
+---------------------------+--------------+-------------------------+---------------------+------------------------------------+
; Analysis & Synthesis      ; 00:00:44     ; 1.0                     ; 4669 MB             ; 00:00:43                           ;
; Fitter                    ; 00:01:19     ; 1.0                     ; 4910 MB             ; 00:01:19                           ;
; Assembler                 ; 00:00:06     ; 1.0                     ; 4586 MB             ; 00:00:06                           ;
; TimeQuest Timing Analyzer ; 00:00:05     ; 1.0                     ; 4631 MB             ; 00:00:05                           ;
; EDA Netlist Writer        ; 00:00:03     ; 1.0                     ; 4546 MB             ; 00:00:04                           ;
; Total                     ; 00:02:17     ; --                      ; --                  ; 00:02:17                           ;
+---------------------------+--------------+-------------------------+---------------------+------------------------------------+


+----------------------------------------------------------------------------------------+
; Flow OS Summary                                                                        ;
+---------------------------+------------------+-----------+------------+----------------+
; Module Name               ; Machine Hostname ; OS Name   ; OS Version ; Processor type ;
+---------------------------+------------------+-----------+------------+----------------+
; Analysis & Synthesis      ; LAPTOP-UAM14VIS  ; Windows 7 ; 6.2        ; x86_64         ;
; Fitter                    ; LAPTOP-UAM14VIS  ; Windows 7 ; 6.2        ; x86_64         ;
; Assembler                 ; LAPTOP-UAM14VIS  ; Windows 7 ; 6.2        ; x86_64         ;
; TimeQuest Timing Analyzer ; LAPTOP-UAM14VIS  ; Windows 7 ; 6.2        ; x86_64         ;
; EDA Netlist Writer        ; LAPTOP-UAM14VIS  ; Windows 7 ; 6.2        ; x86_64         ;
+---------------------------+------------------+-----------+------------+----------------+


------------
; Flow Log ;
------------
quartus_map --read_settings_files=on --write_settings_files=off project -c project
quartus_fit --read_settings_files=off --write_settings_files=off project -c project
quartus_asm --read_settings_files=off --write_settings_files=off project -c project
quartus_sta project -c project
quartus_eda --read_settings_files=off --write_settings_files=off project -c project



