Analysis & Synthesis report for HW66
Mon Jul 20 22:43:54 2020
Quartus II 64-Bit Version 13.0.1 Build 232 06/12/2013 Service Pack 1 SJ Web Edition


---------------------
; Table of Contents ;
---------------------
  1. Legal Notice
  2. Analysis & Synthesis Summary
  3. Analysis & Synthesis Settings
  4. Parallel Compilation
  5. Analysis & Synthesis Source Files Read
  6. Analysis & Synthesis Resource Usage Summary
  7. Analysis & Synthesis Resource Utilization by Entity
  8. Analysis & Synthesis IP Cores Summary
  9. General Register Statistics
 10. Parameter Settings for User Entity Instance: lpm_mux0:inst|lpm_mux:LPM_MUX_component
 11. Parameter Settings for User Entity Instance: lpm_constant2:0_cte|lpm_constant:LPM_CONSTANT_component
 12. Parameter Settings for User Entity Instance: LPM_DFF:pc
 13. Elapsed Time Per Partition
 14. Analysis & Synthesis Messages



----------------
; Legal Notice ;
----------------
Copyright (C) 1991-2013 Altera Corporation
Your use of Altera Corporation's design tools, logic functions 
and other software and tools, and its AMPP partner logic 
functions, and any output files from any of the foregoing 
(including device programming or simulation files), and any 
associated documentation or information are expressly subject 
to the terms and conditions of the Altera Program License 
Subscription Agreement, Altera MegaCore Function License 
Agreement, or other applicable license agreement, including, 
without limitation, that your use is for the sole purpose of 
programming logic devices manufactured by Altera and sold by 
Altera or its authorized distributors.  Please refer to the 
applicable agreement for further details.



+--------------------------------------------------------------------------------------+
; Analysis & Synthesis Summary                                                         ;
+------------------------------------+-------------------------------------------------+
; Analysis & Synthesis Status        ; Successful - Mon Jul 20 22:43:53 2020           ;
; Quartus II 64-Bit Version          ; 13.0.1 Build 232 06/12/2013 SP 1 SJ Web Edition ;
; Revision Name                      ; HW66                                            ;
; Top-level Entity Name              ; HW66                                            ;
; Family                             ; Cyclone II                                      ;
; Total logic elements               ; 174                                             ;
;     Total combinational functions  ; 174                                             ;
;     Dedicated logic registers      ; 32                                              ;
; Total registers                    ; 32                                              ;
; Total pins                         ; 110                                             ;
; Total virtual pins                 ; 0                                               ;
; Total memory bits                  ; 0                                               ;
; Embedded Multiplier 9-bit elements ; 0                                               ;
; Total PLLs                         ; 0                                               ;
+------------------------------------+-------------------------------------------------+


+----------------------------------------------------------------------------------------------------------------------+
; Analysis & Synthesis Settings                                                                                        ;
+----------------------------------------------------------------------------+--------------------+--------------------+
; Option                                                                     ; Setting            ; Default Value      ;
+----------------------------------------------------------------------------+--------------------+--------------------+
; Top-level entity name                                                      ; HW66               ; HW66               ;
; Family name                                                                ; Cyclone II         ; Cyclone IV GX      ;
; Use smart compilation                                                      ; Off                ; Off                ;
; Enable parallel Assembler and TimeQuest Timing Analyzer during compilation ; On                 ; On                 ;
; Enable compact report table                                                ; Off                ; Off                ;
; Restructure Multiplexers                                                   ; Auto               ; Auto               ;
; Create Debugging Nodes for IP Cores                                        ; Off                ; Off                ;
; Preserve fewer node names                                                  ; On                 ; On                 ;
; Disable OpenCore Plus hardware evaluation                                  ; Off                ; Off                ;
; Verilog Version                                                            ; Verilog_2001       ; Verilog_2001       ;
; VHDL Version                                                               ; VHDL_1993          ; VHDL_1993          ;
; State Machine Processing                                                   ; Auto               ; Auto               ;
; Safe State Machine                                                         ; Off                ; Off                ;
; Extract Verilog State Machines                                             ; On                 ; On                 ;
; Extract VHDL State Machines                                                ; On                 ; On                 ;
; Ignore Verilog initial constructs                                          ; Off                ; Off                ;
; Iteration limit for constant Verilog loops                                 ; 5000               ; 5000               ;
; Iteration limit for non-constant Verilog loops                             ; 250                ; 250                ;
; Add Pass-Through Logic to Inferred RAMs                                    ; On                 ; On                 ;
; Infer RAMs from Raw Logic                                                  ; On                 ; On                 ;
; Parallel Synthesis                                                         ; On                 ; On                 ;
; DSP Block Balancing                                                        ; Auto               ; Auto               ;
; NOT Gate Push-Back                                                         ; On                 ; On                 ;
; Power-Up Don't Care                                                        ; On                 ; On                 ;
; Remove Redundant Logic Cells                                               ; Off                ; Off                ;
; Remove Duplicate Registers                                                 ; On                 ; On                 ;
; Ignore CARRY Buffers                                                       ; Off                ; Off                ;
; Ignore CASCADE Buffers                                                     ; Off                ; Off                ;
; Ignore GLOBAL Buffers                                                      ; Off                ; Off                ;
; Ignore ROW GLOBAL Buffers                                                  ; Off                ; Off                ;
; Ignore LCELL Buffers                                                       ; Off                ; Off                ;
; Ignore SOFT Buffers                                                        ; On                 ; On                 ;
; Limit AHDL Integers to 32 Bits                                             ; Off                ; Off                ;
; Optimization Technique                                                     ; Balanced           ; Balanced           ;
; Carry Chain Length                                                         ; 70                 ; 70                 ;
; Auto Carry Chains                                                          ; On                 ; On                 ;
; Auto Open-Drain Pins                                                       ; On                 ; On                 ;
; Perform WYSIWYG Primitive Resynthesis                                      ; Off                ; Off                ;
; Auto ROM Replacement                                                       ; On                 ; On                 ;
; Auto RAM Replacement                                                       ; On                 ; On                 ;
; Auto Shift Register Replacement                                            ; Auto               ; Auto               ;
; Allow Shift Register Merging across Hierarchies                            ; Auto               ; Auto               ;
; Auto Clock Enable Replacement                                              ; On                 ; On                 ;
; Strict RAM Replacement                                                     ; Off                ; Off                ;
; Allow Synchronous Control Signals                                          ; On                 ; On                 ;
; Force Use of Synchronous Clear Signals                                     ; Off                ; Off                ;
; Auto RAM to Logic Cell Conversion                                          ; Off                ; Off                ;
; Auto Resource Sharing                                                      ; Off                ; Off                ;
; Allow Any RAM Size For Recognition                                         ; Off                ; Off                ;
; Allow Any ROM Size For Recognition                                         ; Off                ; Off                ;
; Allow Any Shift Register Size For Recognition                              ; Off                ; Off                ;
; Use LogicLock Constraints during Resource Balancing                        ; On                 ; On                 ;
; Ignore translate_off and synthesis_off directives                          ; Off                ; Off                ;
; Timing-Driven Synthesis                                                    ; Off                ; Off                ;
; Report Parameter Settings                                                  ; On                 ; On                 ;
; Report Source Assignments                                                  ; On                 ; On                 ;
; Report Connectivity Checks                                                 ; On                 ; On                 ;
; Ignore Maximum Fan-Out Assignments                                         ; Off                ; Off                ;
; Synchronization Register Chain Length                                      ; 2                  ; 2                  ;
; PowerPlay Power Optimization                                               ; Normal compilation ; Normal compilation ;
; HDL message level                                                          ; Level2             ; Level2             ;
; Suppress Register Optimization Related Messages                            ; Off                ; Off                ;
; Number of Removed Registers Reported in Synthesis Report                   ; 5000               ; 5000               ;
; Number of Swept Nodes Reported in Synthesis Report                         ; 5000               ; 5000               ;
; Number of Inverted Registers Reported in Synthesis Report                  ; 100                ; 100                ;
; Clock MUX Protection                                                       ; On                 ; On                 ;
; Auto Gated Clock Conversion                                                ; Off                ; Off                ;
; Block Design Naming                                                        ; Auto               ; Auto               ;
; SDC constraint protection                                                  ; Off                ; Off                ;
; Synthesis Effort                                                           ; Auto               ; Auto               ;
; Shift Register Replacement - Allow Asynchronous Clear Signal               ; On                 ; On                 ;
; Pre-Mapping Resynthesis Optimization                                       ; Off                ; Off                ;
; Analysis & Synthesis Message Level                                         ; Medium             ; Medium             ;
; Disable Register Merging Across Hierarchies                                ; Auto               ; Auto               ;
; Resource Aware Inference For Block RAM                                     ; On                 ; On                 ;
; Synthesis Seed                                                             ; 1                  ; 1                  ;
+----------------------------------------------------------------------------+--------------------+--------------------+


Parallel compilation was disabled, but you have multiple processors available. Enable parallel compilation to reduce compilation time.
+-------------------------------------+
; Parallel Compilation                ;
+----------------------------+--------+
; Processors                 ; Number ;
+----------------------------+--------+
; Number detected on machine ; 8      ;
; Maximum allowed            ; 1      ;
+----------------------------+--------+


+-------------------------------------------------------------------------------------------------------------------------------------------------------------------------------------+
; Analysis & Synthesis Source Files Read                                                                                                                                              ;
+----------------------------------+-----------------+------------------------------------+---------------------------------------------------------------------------------+---------+
; File Name with User-Entered Path ; Used in Netlist ; File Type                          ; File Name with Absolute Path                                                    ; Library ;
+----------------------------------+-----------------+------------------------------------+---------------------------------------------------------------------------------+---------+
; HW66.bdf                         ; yes             ; User Block Diagram/Schematic File  ; C:/Users/Asus/Desktop/books/computer architecture/pc_regfile/pc/HW66.bdf        ;         ;
; FA.bdf                           ; yes             ; User Block Diagram/Schematic File  ; C:/Users/Asus/Desktop/books/computer architecture/pc_regfile/pc/FA.bdf          ;         ;
; Adder.bdf                        ; yes             ; User Block Diagram/Schematic File  ; C:/Users/Asus/Desktop/books/computer architecture/pc_regfile/pc/Adder.bdf       ;         ;
; lpm_constant2.v                  ; yes             ; User Wizard-Generated File         ; C:/Users/Asus/Desktop/books/computer architecture/pc_regfile/pc/lpm_constant2.v ;         ;
; lpm_mux0.v                       ; yes             ; User Wizard-Generated File         ; C:/Users/Asus/Desktop/books/computer architecture/pc_regfile/pc/lpm_mux0.v      ;         ;
; lpm_constant3.v                  ; yes             ; User Wizard-Generated File         ; C:/Users/Asus/Desktop/books/computer architecture/pc_regfile/pc/lpm_constant3.v ;         ;
; lpm_mux.tdf                      ; yes             ; Megafunction                       ; c:/altera/13.0sp1/quartus/libraries/megafunctions/lpm_mux.tdf                   ;         ;
; aglobal130.inc                   ; yes             ; Megafunction                       ; c:/altera/13.0sp1/quartus/libraries/megafunctions/aglobal130.inc                ;         ;
; muxlut.inc                       ; yes             ; Megafunction                       ; c:/altera/13.0sp1/quartus/libraries/megafunctions/muxlut.inc                    ;         ;
; bypassff.inc                     ; yes             ; Megafunction                       ; c:/altera/13.0sp1/quartus/libraries/megafunctions/bypassff.inc                  ;         ;
; altshift.inc                     ; yes             ; Megafunction                       ; c:/altera/13.0sp1/quartus/libraries/megafunctions/altshift.inc                  ;         ;
; db/mux_coc.tdf                   ; yes             ; Auto-Generated Megafunction        ; C:/Users/Asus/Desktop/books/computer architecture/pc_regfile/pc/db/mux_coc.tdf  ;         ;
; lpm_constant.tdf                 ; yes             ; Megafunction                       ; c:/altera/13.0sp1/quartus/libraries/megafunctions/lpm_constant.tdf              ;         ;
; lpm_dff.tdf                      ; yes             ; Megafunction                       ; c:/altera/13.0sp1/quartus/libraries/megafunctions/lpm_dff.tdf                   ;         ;
; lpm_constant.inc                 ; yes             ; Megafunction                       ; c:/altera/13.0sp1/quartus/libraries/megafunctions/lpm_constant.inc              ;         ;
; dffeea.inc                       ; yes             ; Megafunction                       ; c:/altera/13.0sp1/quartus/libraries/megafunctions/dffeea.inc                    ;         ;
+----------------------------------+-----------------+------------------------------------+---------------------------------------------------------------------------------+---------+


+--------------------------------------------------------+
; Analysis & Synthesis Resource Usage Summary            ;
+---------------------------------------------+----------+
; Resource                                    ; Usage    ;
+---------------------------------------------+----------+
; Estimated Total logic elements              ; 174      ;
;                                             ;          ;
; Total combinational functions               ; 174      ;
; Logic element usage by number of LUT inputs ;          ;
;     -- 4 input functions                    ; 115      ;
;     -- 3 input functions                    ; 22       ;
;     -- <=2 input functions                  ; 37       ;
;                                             ;          ;
; Logic elements by mode                      ;          ;
;     -- normal mode                          ; 174      ;
;     -- arithmetic mode                      ; 0        ;
;                                             ;          ;
; Total registers                             ; 32       ;
;     -- Dedicated logic registers            ; 32       ;
;     -- I/O registers                        ; 0        ;
;                                             ;          ;
; I/O pins                                    ; 110      ;
; Embedded Multiplier 9-bit elements          ; 0        ;
; Maximum fan-out node                        ; jump_sig ;
; Maximum fan-out                             ; 61       ;
; Total fan-out                               ; 728      ;
; Average fan-out                             ; 2.30     ;
+---------------------------------------------+----------+


+-------------------------------------------------------------------------------------------------------------------------------------------------------------------------------------------------------------------------------------+
; Analysis & Synthesis Resource Utilization by Entity                                                                                                                                                                                 ;
+-----------------------------------+-------------------+--------------+-------------+--------------+---------+-----------+------+--------------+----------------------------------------------------------------------+--------------+
; Compilation Hierarchy Node        ; LC Combinationals ; LC Registers ; Memory Bits ; DSP Elements ; DSP 9x9 ; DSP 18x18 ; Pins ; Virtual Pins ; Full Hierarchy Name                                                  ; Library Name ;
+-----------------------------------+-------------------+--------------+-------------+--------------+---------+-----------+------+--------------+----------------------------------------------------------------------+--------------+
; |HW66                             ; 174 (0)           ; 32 (0)       ; 0           ; 0            ; 0       ; 0         ; 110  ; 0            ; |HW66                                                                ; work         ;
;    |Adder:pc4|                    ; 29 (0)            ; 0 (0)        ; 0           ; 0            ; 0       ; 0         ; 0    ; 0            ; |HW66|Adder:pc4                                                      ; work         ;
;       |FA:fa10|                   ; 1 (1)             ; 0 (0)        ; 0           ; 0            ; 0       ; 0         ; 0    ; 0            ; |HW66|Adder:pc4|FA:fa10                                              ; work         ;
;       |FA:fa11|                   ; 1 (1)             ; 0 (0)        ; 0           ; 0            ; 0       ; 0         ; 0    ; 0            ; |HW66|Adder:pc4|FA:fa11                                              ; work         ;
;       |FA:fa12|                   ; 1 (1)             ; 0 (0)        ; 0           ; 0            ; 0       ; 0         ; 0    ; 0            ; |HW66|Adder:pc4|FA:fa12                                              ; work         ;
;       |FA:fa13|                   ; 1 (1)             ; 0 (0)        ; 0           ; 0            ; 0       ; 0         ; 0    ; 0            ; |HW66|Adder:pc4|FA:fa13                                              ; work         ;
;       |FA:fa14|                   ; 1 (1)             ; 0 (0)        ; 0           ; 0            ; 0       ; 0         ; 0    ; 0            ; |HW66|Adder:pc4|FA:fa14                                              ; work         ;
;       |FA:fa15|                   ; 1 (1)             ; 0 (0)        ; 0           ; 0            ; 0       ; 0         ; 0    ; 0            ; |HW66|Adder:pc4|FA:fa15                                              ; work         ;
;       |FA:fa16|                   ; 1 (1)             ; 0 (0)        ; 0           ; 0            ; 0       ; 0         ; 0    ; 0            ; |HW66|Adder:pc4|FA:fa16                                              ; work         ;
;       |FA:fa18|                   ; 1 (1)             ; 0 (0)        ; 0           ; 0            ; 0       ; 0         ; 0    ; 0            ; |HW66|Adder:pc4|FA:fa18                                              ; work         ;
;       |FA:fa19|                   ; 2 (2)             ; 0 (0)        ; 0           ; 0            ; 0       ; 0         ; 0    ; 0            ; |HW66|Adder:pc4|FA:fa19                                              ; work         ;
;       |FA:fa22|                   ; 2 (2)             ; 0 (0)        ; 0           ; 0            ; 0       ; 0         ; 0    ; 0            ; |HW66|Adder:pc4|FA:fa22                                              ; work         ;
;       |FA:fa23|                   ; 1 (1)             ; 0 (0)        ; 0           ; 0            ; 0       ; 0         ; 0    ; 0            ; |HW66|Adder:pc4|FA:fa23                                              ; work         ;
;       |FA:fa24|                   ; 1 (1)             ; 0 (0)        ; 0           ; 0            ; 0       ; 0         ; 0    ; 0            ; |HW66|Adder:pc4|FA:fa24                                              ; work         ;
;       |FA:fa25|                   ; 2 (2)             ; 0 (0)        ; 0           ; 0            ; 0       ; 0         ; 0    ; 0            ; |HW66|Adder:pc4|FA:fa25                                              ; work         ;
;       |FA:fa26|                   ; 1 (1)             ; 0 (0)        ; 0           ; 0            ; 0       ; 0         ; 0    ; 0            ; |HW66|Adder:pc4|FA:fa26                                              ; work         ;
;       |FA:fa27|                   ; 1 (1)             ; 0 (0)        ; 0           ; 0            ; 0       ; 0         ; 0    ; 0            ; |HW66|Adder:pc4|FA:fa27                                              ; work         ;
;       |FA:fa28|                   ; 2 (2)             ; 0 (0)        ; 0           ; 0            ; 0       ; 0         ; 0    ; 0            ; |HW66|Adder:pc4|FA:fa28                                              ; work         ;
;       |FA:fa2|                    ; 1 (1)             ; 0 (0)        ; 0           ; 0            ; 0       ; 0         ; 0    ; 0            ; |HW66|Adder:pc4|FA:fa2                                               ; work         ;
;       |FA:fa30|                   ; 1 (1)             ; 0 (0)        ; 0           ; 0            ; 0       ; 0         ; 0    ; 0            ; |HW66|Adder:pc4|FA:fa30                                              ; work         ;
;       |FA:fa3|                    ; 1 (1)             ; 0 (0)        ; 0           ; 0            ; 0       ; 0         ; 0    ; 0            ; |HW66|Adder:pc4|FA:fa3                                               ; work         ;
;       |FA:fa4|                    ; 1 (1)             ; 0 (0)        ; 0           ; 0            ; 0       ; 0         ; 0    ; 0            ; |HW66|Adder:pc4|FA:fa4                                               ; work         ;
;       |FA:fa5|                    ; 1 (1)             ; 0 (0)        ; 0           ; 0            ; 0       ; 0         ; 0    ; 0            ; |HW66|Adder:pc4|FA:fa5                                               ; work         ;
;       |FA:fa6|                    ; 1 (1)             ; 0 (0)        ; 0           ; 0            ; 0       ; 0         ; 0    ; 0            ; |HW66|Adder:pc4|FA:fa6                                               ; work         ;
;       |FA:fa7|                    ; 1 (1)             ; 0 (0)        ; 0           ; 0            ; 0       ; 0         ; 0    ; 0            ; |HW66|Adder:pc4|FA:fa7                                               ; work         ;
;       |FA:fa8|                    ; 1 (1)             ; 0 (0)        ; 0           ; 0            ; 0       ; 0         ; 0    ; 0            ; |HW66|Adder:pc4|FA:fa8                                               ; work         ;
;       |FA:fa9|                    ; 1 (1)             ; 0 (0)        ; 0           ; 0            ; 0       ; 0         ; 0    ; 0            ; |HW66|Adder:pc4|FA:fa9                                               ; work         ;
;    |Adder:pc_branch|              ; 24 (0)            ; 0 (0)        ; 0           ; 0            ; 0       ; 0         ; 0    ; 0            ; |HW66|Adder:pc_branch                                                ; work         ;
;       |FA:fa10|                   ; 1 (1)             ; 0 (0)        ; 0           ; 0            ; 0       ; 0         ; 0    ; 0            ; |HW66|Adder:pc_branch|FA:fa10                                        ; work         ;
;       |FA:fa11|                   ; 1 (1)             ; 0 (0)        ; 0           ; 0            ; 0       ; 0         ; 0    ; 0            ; |HW66|Adder:pc_branch|FA:fa11                                        ; work         ;
;       |FA:fa12|                   ; 1 (1)             ; 0 (0)        ; 0           ; 0            ; 0       ; 0         ; 0    ; 0            ; |HW66|Adder:pc_branch|FA:fa12                                        ; work         ;
;       |FA:fa13|                   ; 1 (1)             ; 0 (0)        ; 0           ; 0            ; 0       ; 0         ; 0    ; 0            ; |HW66|Adder:pc_branch|FA:fa13                                        ; work         ;
;       |FA:fa14|                   ; 1 (1)             ; 0 (0)        ; 0           ; 0            ; 0       ; 0         ; 0    ; 0            ; |HW66|Adder:pc_branch|FA:fa14                                        ; work         ;
;       |FA:fa15|                   ; 1 (1)             ; 0 (0)        ; 0           ; 0            ; 0       ; 0         ; 0    ; 0            ; |HW66|Adder:pc_branch|FA:fa15                                        ; work         ;
;       |FA:fa16|                   ; 1 (1)             ; 0 (0)        ; 0           ; 0            ; 0       ; 0         ; 0    ; 0            ; |HW66|Adder:pc_branch|FA:fa16                                        ; work         ;
;       |FA:fa20|                   ; 2 (2)             ; 0 (0)        ; 0           ; 0            ; 0       ; 0         ; 0    ; 0            ; |HW66|Adder:pc_branch|FA:fa20                                        ; work         ;
;       |FA:fa21|                   ; 1 (1)             ; 0 (0)        ; 0           ; 0            ; 0       ; 0         ; 0    ; 0            ; |HW66|Adder:pc_branch|FA:fa21                                        ; work         ;
;       |FA:fa24|                   ; 2 (2)             ; 0 (0)        ; 0           ; 0            ; 0       ; 0         ; 0    ; 0            ; |HW66|Adder:pc_branch|FA:fa24                                        ; work         ;
;       |FA:fa27|                   ; 2 (2)             ; 0 (0)        ; 0           ; 0            ; 0       ; 0         ; 0    ; 0            ; |HW66|Adder:pc_branch|FA:fa27                                        ; work         ;
;       |FA:fa29|                   ; 2 (2)             ; 0 (0)        ; 0           ; 0            ; 0       ; 0         ; 0    ; 0            ; |HW66|Adder:pc_branch|FA:fa29                                        ; work         ;
;       |FA:fa2|                    ; 1 (1)             ; 0 (0)        ; 0           ; 0            ; 0       ; 0         ; 0    ; 0            ; |HW66|Adder:pc_branch|FA:fa2                                         ; work         ;
;       |FA:fa3|                    ; 1 (1)             ; 0 (0)        ; 0           ; 0            ; 0       ; 0         ; 0    ; 0            ; |HW66|Adder:pc_branch|FA:fa3                                         ; work         ;
;       |FA:fa4|                    ; 1 (1)             ; 0 (0)        ; 0           ; 0            ; 0       ; 0         ; 0    ; 0            ; |HW66|Adder:pc_branch|FA:fa4                                         ; work         ;
;       |FA:fa5|                    ; 1 (1)             ; 0 (0)        ; 0           ; 0            ; 0       ; 0         ; 0    ; 0            ; |HW66|Adder:pc_branch|FA:fa5                                         ; work         ;
;       |FA:fa6|                    ; 1 (1)             ; 0 (0)        ; 0           ; 0            ; 0       ; 0         ; 0    ; 0            ; |HW66|Adder:pc_branch|FA:fa6                                         ; work         ;
;       |FA:fa7|                    ; 1 (1)             ; 0 (0)        ; 0           ; 0            ; 0       ; 0         ; 0    ; 0            ; |HW66|Adder:pc_branch|FA:fa7                                         ; work         ;
;       |FA:fa8|                    ; 1 (1)             ; 0 (0)        ; 0           ; 0            ; 0       ; 0         ; 0    ; 0            ; |HW66|Adder:pc_branch|FA:fa8                                         ; work         ;
;       |FA:fa9|                    ; 1 (1)             ; 0 (0)        ; 0           ; 0            ; 0       ; 0         ; 0    ; 0            ; |HW66|Adder:pc_branch|FA:fa9                                         ; work         ;
;    |lpm_dff:pc|                   ; 32 (32)           ; 32 (32)      ; 0           ; 0            ; 0       ; 0         ; 0    ; 0            ; |HW66|lpm_dff:pc                                                     ; work         ;
;    |lpm_mux0:inst|                ; 89 (0)            ; 0 (0)        ; 0           ; 0            ; 0       ; 0         ; 0    ; 0            ; |HW66|lpm_mux0:inst                                                  ; work         ;
;       |lpm_mux:LPM_MUX_component| ; 89 (0)            ; 0 (0)        ; 0           ; 0            ; 0       ; 0         ; 0    ; 0            ; |HW66|lpm_mux0:inst|lpm_mux:LPM_MUX_component                        ; work         ;
;          |mux_coc:auto_generated| ; 89 (89)           ; 0 (0)        ; 0           ; 0            ; 0       ; 0         ; 0    ; 0            ; |HW66|lpm_mux0:inst|lpm_mux:LPM_MUX_component|mux_coc:auto_generated ; work         ;
+-----------------------------------+-------------------+--------------+-------------+--------------+---------+-----------+------+--------------+----------------------------------------------------------------------+--------------+
Note: For table entries with two numbers listed, the numbers in parentheses indicate the number of resources of the given type used by the specific entity alone. The numbers listed outside of parentheses indicate the total resources of the given type used by the specific entity and all of its sub-entities in the hierarchy.


+-----------------------------------------------------------------------------------------------------------------------------------------------------------------------------+
; Analysis & Synthesis IP Cores Summary                                                                                                                                       ;
+--------+--------------+---------+--------------+--------------+---------------------------+---------------------------------------------------------------------------------+
; Vendor ; IP Core Name ; Version ; Release Date ; License Type ; Entity Instance           ; IP Include File                                                                 ;
+--------+--------------+---------+--------------+--------------+---------------------------+---------------------------------------------------------------------------------+
; Altera ; LPM_CONSTANT ; 13.0    ; N/A          ; N/A          ; |HW66|lpm_constant2:0_cte ; C:/Users/Asus/Desktop/books/computer architecture/pc_regfile/pc/lpm_constant2.v ;
; Altera ; LPM_MUX      ; 13.0    ; N/A          ; N/A          ; |HW66|lpm_mux0:inst       ; C:/Users/Asus/Desktop/books/computer architecture/pc_regfile/pc/lpm_mux0.v      ;
; Altera ; LPM_CONSTANT ; 13.0    ; N/A          ; N/A          ; |HW66|lpm_constant3:inst1 ; C:/Users/Asus/Desktop/books/computer architecture/pc_regfile/pc/lpm_constant3.v ;
+--------+--------------+---------+--------------+--------------+---------------------------+---------------------------------------------------------------------------------+


+------------------------------------------------------+
; General Register Statistics                          ;
+----------------------------------------------+-------+
; Statistic                                    ; Value ;
+----------------------------------------------+-------+
; Total registers                              ; 32    ;
; Number of registers using Synchronous Clear  ; 0     ;
; Number of registers using Synchronous Load   ; 0     ;
; Number of registers using Asynchronous Clear ; 0     ;
; Number of registers using Asynchronous Load  ; 0     ;
; Number of registers using Clock Enable       ; 0     ;
; Number of registers using Preset             ; 0     ;
+----------------------------------------------+-------+


+--------------------------------------------------------------------------------------+
; Parameter Settings for User Entity Instance: lpm_mux0:inst|lpm_mux:LPM_MUX_component ;
+------------------------+------------+------------------------------------------------+
; Parameter Name         ; Value      ; Type                                           ;
+------------------------+------------+------------------------------------------------+
; AUTO_CARRY_CHAINS      ; ON         ; AUTO_CARRY                                     ;
; IGNORE_CARRY_BUFFERS   ; OFF        ; IGNORE_CARRY                                   ;
; AUTO_CASCADE_CHAINS    ; ON         ; AUTO_CASCADE                                   ;
; IGNORE_CASCADE_BUFFERS ; OFF        ; IGNORE_CASCADE                                 ;
; LPM_WIDTH              ; 32         ; Signed Integer                                 ;
; LPM_SIZE               ; 4          ; Signed Integer                                 ;
; LPM_WIDTHS             ; 2          ; Signed Integer                                 ;
; LPM_PIPELINE           ; 0          ; Untyped                                        ;
; CBXI_PARAMETER         ; mux_coc    ; Untyped                                        ;
; DEVICE_FAMILY          ; Cyclone II ; Untyped                                        ;
+------------------------+------------+------------------------------------------------+
Note: In order to hide this table in the UI and the text report file, please set the "Show Parameter Settings in Synthesis Report" option in "Analysis and Synthesis Settings -> More Settings" to "Off".


+------------------------------------------------------------------------------------------------------+
; Parameter Settings for User Entity Instance: lpm_constant2:0_cte|lpm_constant:LPM_CONSTANT_component ;
+--------------------+------------------+--------------------------------------------------------------+
; Parameter Name     ; Value            ; Type                                                         ;
+--------------------+------------------+--------------------------------------------------------------+
; LPM_WIDTH          ; 1                ; Signed Integer                                               ;
; LPM_CVALUE         ; 0                ; Signed Integer                                               ;
; ENABLE_RUNTIME_MOD ; NO               ; Untyped                                                      ;
; CBXI_PARAMETER     ; lpm_constant_3e6 ; Untyped                                                      ;
+--------------------+------------------+--------------------------------------------------------------+
Note: In order to hide this table in the UI and the text report file, please set the "Show Parameter Settings in Synthesis Report" option in "Analysis and Synthesis Settings -> More Settings" to "Off".


+---------------------------------------------------------+
; Parameter Settings for User Entity Instance: LPM_DFF:pc ;
+------------------------+------------+-------------------+
; Parameter Name         ; Value      ; Type              ;
+------------------------+------------+-------------------+
; LPM_WIDTH              ; 32         ; Untyped           ;
; LPM_AVALUE             ; 0          ; Untyped           ;
; LPM_SVALUE             ; 0          ; Untyped           ;
; DEVICE_FAMILY          ; Cyclone II ; Untyped           ;
; AUTO_CARRY_CHAINS      ; ON         ; AUTO_CARRY        ;
; IGNORE_CARRY_BUFFERS   ; OFF        ; IGNORE_CARRY      ;
; AUTO_CASCADE_CHAINS    ; ON         ; AUTO_CASCADE      ;
; IGNORE_CASCADE_BUFFERS ; OFF        ; IGNORE_CASCADE    ;
+------------------------+------------+-------------------+
Note: In order to hide this table in the UI and the text report file, please set the "Show Parameter Settings in Synthesis Report" option in "Analysis and Synthesis Settings -> More Settings" to "Off".


+-------------------------------+
; Elapsed Time Per Partition    ;
+----------------+--------------+
; Partition Name ; Elapsed Time ;
+----------------+--------------+
; Top            ; 00:00:01     ;
+----------------+--------------+


+-------------------------------+
; Analysis & Synthesis Messages ;
+-------------------------------+
Info: *******************************************************************
Info: Running Quartus II 64-Bit Analysis & Synthesis
    Info: Version 13.0.1 Build 232 06/12/2013 Service Pack 1 SJ Web Edition
    Info: Processing started: Mon Jul 20 22:43:45 2020
Info: Command: quartus_map --read_settings_files=on --write_settings_files=off HW66 -c HW66
Warning (20028): Parallel compilation is not licensed and has been disabled
Info (12021): Found 1 design units, including 1 entities, in source file hw66.bdf
    Info (12023): Found entity 1: HW66
Info (12021): Found 2 design units, including 2 entities, in source file lpm_constant1.v
    Info (12023): Found entity 1: lpm_constant1_lpm_constant_v09
    Info (12023): Found entity 2: lpm_constant1
Info (12021): Found 1 design units, including 1 entities, in source file fa.bdf
    Info (12023): Found entity 1: FA
Info (12021): Found 1 design units, including 1 entities, in source file adder.bdf
    Info (12023): Found entity 1: Adder
Info (12021): Found 1 design units, including 1 entities, in source file lpm_constant2.v
    Info (12023): Found entity 1: lpm_constant2
Info (12021): Found 1 design units, including 1 entities, in source file lpm_shiftreg1.v
    Info (12023): Found entity 1: lpm_shiftreg1
Info (12021): Found 1 design units, including 1 entities, in source file lpm_mux0.v
    Info (12023): Found entity 1: lpm_mux0
Info (12021): Found 2 design units, including 2 entities, in source file lpm_constant3.v
    Info (12023): Found entity 1: lpm_constant3_lpm_constant_s09
    Info (12023): Found entity 2: lpm_constant3
Info (12127): Elaborating entity "HW66" for the top level hierarchy
Info (12128): Elaborating entity "lpm_mux0" for hierarchy "lpm_mux0:inst"
Info (12128): Elaborating entity "lpm_mux" for hierarchy "lpm_mux0:inst|lpm_mux:LPM_MUX_component"
Info (12130): Elaborated megafunction instantiation "lpm_mux0:inst|lpm_mux:LPM_MUX_component"
Info (12133): Instantiated megafunction "lpm_mux0:inst|lpm_mux:LPM_MUX_component" with the following parameter:
    Info (12134): Parameter "lpm_size" = "4"
    Info (12134): Parameter "lpm_type" = "LPM_MUX"
    Info (12134): Parameter "lpm_width" = "32"
    Info (12134): Parameter "lpm_widths" = "2"
Info (12021): Found 1 design units, including 1 entities, in source file db/mux_coc.tdf
    Info (12023): Found entity 1: mux_coc
Info (12128): Elaborating entity "mux_coc" for hierarchy "lpm_mux0:inst|lpm_mux:LPM_MUX_component|mux_coc:auto_generated"
Info (12128): Elaborating entity "Adder" for hierarchy "Adder:pc4"
Info (12128): Elaborating entity "FA" for hierarchy "Adder:pc4|FA:fa31"
Info (12128): Elaborating entity "lpm_constant2" for hierarchy "lpm_constant2:0_cte"
Info (12128): Elaborating entity "lpm_constant" for hierarchy "lpm_constant2:0_cte|lpm_constant:LPM_CONSTANT_component"
Info (12130): Elaborated megafunction instantiation "lpm_constant2:0_cte|lpm_constant:LPM_CONSTANT_component"
Info (12133): Instantiated megafunction "lpm_constant2:0_cte|lpm_constant:LPM_CONSTANT_component" with the following parameter:
    Info (12134): Parameter "lpm_cvalue" = "0"
    Info (12134): Parameter "lpm_hint" = "ENABLE_RUNTIME_MOD=NO"
    Info (12134): Parameter "lpm_type" = "LPM_CONSTANT"
    Info (12134): Parameter "lpm_width" = "1"
Info (12128): Elaborating entity "lpm_constant3" for hierarchy "lpm_constant3:inst1"
Info (12128): Elaborating entity "lpm_constant3_lpm_constant_s09" for hierarchy "lpm_constant3:inst1|lpm_constant3_lpm_constant_s09:lpm_constant3_lpm_constant_s09_component"
Info (12128): Elaborating entity "LPM_DFF" for hierarchy "LPM_DFF:pc"
Info (12130): Elaborated megafunction instantiation "LPM_DFF:pc"
Info (12133): Instantiated megafunction "LPM_DFF:pc" with the following parameter:
    Info (12134): Parameter "LPM_WIDTH" = "32"
Info (16010): Generating hard_block partition "hard_block:auto_generated_inst"
    Info (16011): Adding 0 node(s), including 0 DDIO, 0 PLL, 0 transceiver and 0 LCELL
Info (21057): Implemented 284 device resources after synthesis - the final resource count might be different
    Info (21058): Implemented 46 input pins
    Info (21059): Implemented 64 output pins
    Info (21061): Implemented 174 logic cells
Info: Quartus II 64-Bit Analysis & Synthesis was successful. 0 errors, 1 warning
    Info: Peak virtual memory: 4597 megabytes
    Info: Processing ended: Mon Jul 20 22:43:54 2020
    Info: Elapsed time: 00:00:09
    Info: Total CPU time (on all processors): 00:00:08


