Flow report for HW7_8
Tue Jul 21 23:50:05 2020
Quartus II 64-Bit Version 13.0.1 Build 232 06/12/2013 Service Pack 1 SJ Web Edition


---------------------
; Table of Contents ;
---------------------
  1. Legal Notice
  2. Flow Summary
  3. Flow Settings
  4. Flow Non-Default Global Settings
  5. Flow Elapsed Time
  6. Flow OS Summary
  7. Flow Log
  8. Flow Messages
  9. Flow Suppressed Messages



----------------
; Legal Notice ;
----------------
Copyright (C) 1991-2013 Altera Corporation
Your use of Altera Corporation's design tools, logic functions 
and other software and tools, and its AMPP partner logic 
functions, and any output files from any of the foregoing 
(including device programming or simulation files), and any 
associated documentation or information are expressly subject 
to the terms and conditions of the Altera Program License 
Subscription Agreement, Altera MegaCore Function License 
Agreement, or other applicable license agreement, including, 
without limitation, that your use is for the sole purpose of 
programming logic devices manufactured by Altera and sold by 
Altera or its authorized distributors.  Please refer to the 
applicable agreement for further details.



+--------------------------------------------------------------------------------------+
; Flow Summary                                                                         ;
+------------------------------------+-------------------------------------------------+
; Flow Status                        ; Successful - Tue Jul 21 23:50:05 2020           ;
; Quartus II 64-Bit Version          ; 13.0.1 Build 232 06/12/2013 SP 1 SJ Web Edition ;
; Revision Name                      ; HW7_8                                           ;
; Top-level Entity Name              ; RegisterFile                                    ;
; Family                             ; Cyclone II                                      ;
; Total logic elements               ; 1,618 / 33,216 ( 5 % )                          ;
;     Total combinational functions  ; 1,618 / 33,216 ( 5 % )                          ;
;     Dedicated logic registers      ; 1,024 / 33,216 ( 3 % )                          ;
; Total registers                    ; 1024                                            ;
; Total pins                         ; 370 / 475 ( 78 % )                              ;
; Total virtual pins                 ; 0                                               ;
; Total memory bits                  ; 0 / 483,840 ( 0 % )                             ;
; Embedded Multiplier 9-bit elements ; 0 / 70 ( 0 % )                                  ;
; Total PLLs                         ; 0 / 4 ( 0 % )                                   ;
; Device                             ; EP2C35F672C6                                    ;
; Timing Models                      ; Final                                           ;
+------------------------------------+-------------------------------------------------+


+-----------------------------------------+
; Flow Settings                           ;
+-------------------+---------------------+
; Option            ; Setting             ;
+-------------------+---------------------+
; Start date & time ; 07/21/2020 23:49:02 ;
; Main task         ; Compilation         ;
; Revision Name     ; HW7_8               ;
+-------------------+---------------------+


+----------------------------------------------------------------------------------------------------------------------+
; Flow Non-Default Global Settings                                                                                     ;
+-------------------------------------+--------------------------------+---------------+--------------+----------------+
; Assignment Name                     ; Value                          ; Default Value ; Entity Name  ; Section Id     ;
+-------------------------------------+--------------------------------+---------------+--------------+----------------+
; COMPILER_SIGNATURE_ID               ; 75064541466451.159535914119972 ; --            ; --           ; --             ;
; EDA_OUTPUT_DATA_FORMAT              ; Verilog Hdl                    ; --            ; --           ; eda_simulation ;
; EDA_SIMULATION_TOOL                 ; ModelSim-Altera (Verilog)      ; <None>        ; --           ; --             ;
; EDA_TIME_SCALE                      ; 1 ps                           ; --            ; --           ; eda_simulation ;
; IP_TOOL_NAME                        ; LPM_DECODE                     ; --            ; --           ; --             ;
; IP_TOOL_NAME                        ; LPM_MUX                        ; --            ; --           ; --             ;
; IP_TOOL_VERSION                     ; 13.0                           ; --            ; --           ; --             ;
; IP_TOOL_VERSION                     ; 13.0                           ; --            ; --           ; --             ;
; MISC_FILE                           ; lpm_decode0.bsf                ; --            ; --           ; --             ;
; MISC_FILE                           ; lpm_decode0_bb.v               ; --            ; --           ; --             ;
; MISC_FILE                           ; lpm_mux0.bsf                   ; --            ; --           ; --             ;
; MISC_FILE                           ; lpm_mux0_bb.v                  ; --            ; --           ; --             ;
; PARTITION_COLOR                     ; 16764057                       ; --            ; RegisterFile ; Top            ;
; PARTITION_FITTER_PRESERVATION_LEVEL ; PLACEMENT_AND_ROUTING          ; --            ; RegisterFile ; Top            ;
; PARTITION_NETLIST_TYPE              ; SOURCE                         ; --            ; RegisterFile ; Top            ;
; PROJECT_OUTPUT_DIRECTORY            ; output_files                   ; --            ; --           ; --             ;
; TOP_LEVEL_ENTITY                    ; RegisterFile                   ; HW7_8         ; --           ; --             ;
+-------------------------------------+--------------------------------+---------------+--------------+----------------+


+-------------------------------------------------------------------------------------------------------------------------------+
; Flow Elapsed Time                                                                                                             ;
+---------------------------+--------------+-------------------------+---------------------+------------------------------------+
; Module Name               ; Elapsed Time ; Average Processors Used ; Peak Virtual Memory ; Total CPU Time (on all processors) ;
+---------------------------+--------------+-------------------------+---------------------+------------------------------------+
; Analysis & Synthesis      ; 00:00:21     ; 1.0                     ; 4630 MB             ; 00:00:20                           ;
; Fitter                    ; 00:00:20     ; 1.0                     ; 4915 MB             ; 00:00:20                           ;
; Assembler                 ; 00:00:07     ; 1.0                     ; 4590 MB             ; 00:00:07                           ;
; TimeQuest Timing Analyzer ; 00:00:06     ; 1.0                     ; 4589 MB             ; 00:00:06                           ;
; EDA Netlist Writer        ; 00:00:06     ; 1.0                     ; 4560 MB             ; 00:00:06                           ;
; Total                     ; 00:01:00     ; --                      ; --                  ; 00:00:59                           ;
+---------------------------+--------------+-------------------------+---------------------+------------------------------------+


+----------------------------------------------------------------------------------------+
; Flow OS Summary                                                                        ;
+---------------------------+------------------+-----------+------------+----------------+
; Module Name               ; Machine Hostname ; OS Name   ; OS Version ; Processor type ;
+---------------------------+------------------+-----------+------------+----------------+
; Analysis & Synthesis      ; LAPTOP-UAM14VIS  ; Windows 7 ; 6.2        ; x86_64         ;
; Fitter                    ; LAPTOP-UAM14VIS  ; Windows 7 ; 6.2        ; x86_64         ;
; Assembler                 ; LAPTOP-UAM14VIS  ; Windows 7 ; 6.2        ; x86_64         ;
; TimeQuest Timing Analyzer ; LAPTOP-UAM14VIS  ; Windows 7 ; 6.2        ; x86_64         ;
; EDA Netlist Writer        ; LAPTOP-UAM14VIS  ; Windows 7 ; 6.2        ; x86_64         ;
+---------------------------+------------------+-----------+------------+----------------+


------------
; Flow Log ;
------------
quartus_map --read_settings_files=on --write_settings_files=off HW7_8 -c HW7_8
quartus_fit --read_settings_files=off --write_settings_files=off HW7_8 -c HW7_8
quartus_asm --read_settings_files=off --write_settings_files=off HW7_8 -c HW7_8
quartus_sta HW7_8 -c HW7_8
quartus_eda --read_settings_files=off --write_settings_files=off HW7_8 -c HW7_8



